<?xml version="1.0" encoding="UTF-8"?>
<!-- Generated by org.testng.reporters.JUnitReportReporter -->
<testsuite skipped="0" hostname="LAPTOP-M9695LH3" name="com.Askuity.TestExecution.AskuityAutomationScenario" tests="3" failures="0" timestamp="29 Jan 2021 07:36:49 GMT" time="89.021" errors="0">
  <testcase name="verifyPage" time="36.394" classname="com.Askuity.TestExecution.AskuityAutomationScenario"/>
  <testcase name="signUp" time="40.859" classname="com.Askuity.TestExecution.AskuityAutomationScenario"/>
  <testcase name="proceedToPaymnetTab" time="11.768" classname="com.Askuity.TestExecution.AskuityAutomationScenario"/>
</testsuite> <!-- com.Askuity.TestExecution.AskuityAutomationScenario -->
